Arguments: 
  C:\laragon\bin\nodejs\node-v12\node.exe C:\laragon\bin\nodejs\node-v12\node_modules\yarn\bin\yarn.js install

PATH: 
  C:\laragon\bin\cmder\bin;C:\laragon\bin\cmder\vendor\conemu-maximus5\ConEmu\Scripts;C:\laragon\bin\cmder\vendor\conemu-maximus5;C:\laragon\bin\cmder\vendor\conemu-maximus5\ConEmu;C:\Program Files (x86)\Common Files\Oracle\Java\javapath;C:\Windows\system32;C:\Windows;C:\Windows\System32\Wbem;C:\Windows\System32\WindowsPowerShell\v1.0\;C:\Windows\System32\OpenSSH\;C:\laragon\bin;C:\laragon\bin\apache\httpd-2.4.35-win64-VC15\bin;C:\laragon\bin\code;C:\laragon\bin\composer;C:\laragon\bin\git\bin;C:\laragon\bin\git\cmd;C:\laragon\bin\git\mingw64\bin;C:\laragon\bin\git\usr\bin;C:\laragon\bin\go\go1.12\bin;C:\laragon\bin\laragon\utils;C:\laragon\bin\mysql\mysql-5.7.24-winx64\bin;C:\laragon\bin\nginx\nginx-1.16.0;C:\laragon\bin\ngrok;C:\laragon\bin\nodejs\node-v12;C:\laragon\bin\notepad++;C:\laragon\bin\php\php-7.2.19-Win32-VC15-x64;C:\laragon\bin\putty;C:\laragon\bin\redis\redis-x64-3.2.100;C:\laragon\bin\telnet;C:\laragon\usr\bin;C:\Users\PAGL\AppData\Local\Yarn\config\global\node_modules\.bin;C:\Users\PAGL\AppData\Roaming\Composer\vendor\bin;C:\Users\PAGL\AppData\Roaming\npm;C:\Users\PAGL\scoop\shims;C:\Users\PAGL\AppData\Local\Microsoft\WindowsApps;C:\Users\PAGL\AppData\Local\Programs\Microsoft VS Code\bin;C:\Program Files\JetBrains\IntelliJ IDEA 2019.2.4\bin;C:\laragon\bin\cmder

Yarn version: 
  1.21.1

Node version: 
  12.5.0

Platform: 
  win32 x64

Trace: 
  Error: https://registry.yarnpkg.com/@ant-design/icons/-/icons-2.1.1.tgz: ESOCKETTIMEDOUT
      at ClientRequest.<anonymous> (C:\laragon\bin\nodejs\node-v12\node_modules\yarn\lib\cli.js:141292:19)
      at Object.onceWrapper (events.js:288:20)
      at ClientRequest.emit (events.js:200:13)
      at TLSSocket.emitRequestTimeout (_http_client.js:675:40)
      at Object.onceWrapper (events.js:288:20)
      at TLSSocket.emit (events.js:200:13)
      at TLSSocket.Socket._onTimeout (net.js:434:8)
      at listOnTimeout (internal/timers.js:531:17)
      at processTimers (internal/timers.js:475:7)

npm manifest: 
  {
    "name": "Portafolio",
    "version": "1.0.0",
    "description": "",
    "main": "index.js",
    "scripts": {
      "start": "webpack-dev-server --open --mode development",
      "build": "webpack --mode production"
    },
    "keywords": [],
    "author": "",
    "cracoConfig": "config/craco-config-with-custom-name.js",
    "license": "ISC",
    "devDependencies": {
      "@babel/core": "^7.7.4",
      "@babel/preset-env": "^7.7.4",
      "@babel/preset-react": "^7.7.4",
      "babel-eslint": "^10.0.3",
      "babel-loader": "^8.0.6",
      "babel-plugin-import": "^1.12.2",
      "babel-plugin-transform-class-properties": "^6.24.1",
      "babel-plugin-transform-imports": "^2.0.0",
      "css-loader": "^3.2.0",
      "eslint": "^6.1.0",
      "eslint-config-airbnb": "^18.0.1",
      "eslint-loader": "^3.0.2",
      "eslint-plugin-import": "^2.18.2",
      "eslint-plugin-jsx-a11y": "^6.2.3",
      "eslint-plugin-react": "^7.14.3",
      "eslint-plugin-react-hooks": "^1.7.0",
      "html-loader": "^0.5.5",
      "html-webpack-plugin": "^3.2.0",
      "less": "^3.10.3",
      "less-loader": "^5.0.0",
      "less-vars-to-js": "^1.3.0",
      "mini-css-extract-plugin": "^0.8.0",
      "node-sass": "^4.13.0",
      "sass-loader": "^8.0.0",
      "style-loader": "^1.0.0",
      "webpack": "^4.41.2",
      "webpack-bundle-analyzer": "^3.6.0",
      "webpack-cli": "^3.3.10",
      "webpack-dev-server": "^3.9.0"
    },
    "dependencies": {
      "antd": "^3.25.2",
      "react": "^16.12.0",
      "react-dom": "^16.12.0",
      "react-router-dom": "^5.1.2",
      "styled-components": "^4.4.1"
    }
  }

yarn manifest: 
  No manifest

Lockfile: 
  No lockfile
